<?xml version="1.0" encoding="UTF-8"?>
<!-- Generated by org.testng.reporters.JUnitReportReporter -->
<testsuite skipped="0" hostname="HDC2-D-BJSH882" name="NewTestNGpackage.Grouping" tests="2" failures="0" timestamp="21 Oct 2019 06:47:49 GMT" time="0.020" errors="0">
  <testcase name="login" time="0.018" classname="NewTestNGpackage.Grouping"/>
  <testcase name="searchbyproduct" time="0.002" classname="NewTestNGpackage.Grouping"/>
</testsuite> <!-- NewTestNGpackage.Grouping -->
