<?xml version="1.0" encoding="UTF-8"?>
<!-- Generated by org.testng.reporters.JUnitReportReporter -->
<testsuite skipped="0" hostname="HDC2-D-BJSH882" name="NewTestNGpackage.group" tests="2" failures="0" timestamp="21 Oct 2019 06:41:16 GMT" time="0.020" errors="0">
  <testcase name="login" time="0.015" classname="NewTestNGpackage.group"/>
  <testcase name="searchbyproduct" time="0.005" classname="NewTestNGpackage.group"/>
</testsuite> <!-- NewTestNGpackage.group -->
