<?xml version="1.0" encoding="UTF-8"?>
<!-- Generated by org.testng.reporters.JUnitReportReporter -->
<testsuite skipped="0" hostname="HDC2-D-BJSH882" name="NewTestNGpackage.findinglinks" tests="1" failures="0" timestamp="18 Oct 2019 11:38:38 GMT" time="10.481" errors="0">
  <testcase name="b" time="10.481" classname="NewTestNGpackage.findinglinks"/>
</testsuite> <!-- NewTestNGpackage.findinglinks -->
