<?xml version="1.0" encoding="UTF-8"?>
<!-- Generated by org.testng.reporters.JUnitReportReporter -->
<testsuite skipped="0" hostname="HDC2-D-BJSH882" name="NewTestNGpackage.Dataproviderexample" tests="2" failures="0" timestamp="21 Oct 2019 04:49:13 GMT" time="29.056" errors="0">
  <testcase name="f" time="12.270" classname="NewTestNGpackage.Dataproviderexample"/>
  <testcase name="f" time="16.786" classname="NewTestNGpackage.Dataproviderexample"/>
</testsuite> <!-- NewTestNGpackage.Dataproviderexample -->
