<?xml version="1.0" encoding="UTF-8"?>
<!-- Generated by org.testng.reporters.JUnitReportReporter -->
<testsuite skipped="0" hostname="HDC2-D-BJSH882" name="NewTestNGpackage.Parameter" tests="3" failures="0" timestamp="21 Oct 2019 07:19:01 GMT" time="0.020" errors="0">
  <testcase name="f" time="0.003" classname="NewTestNGpackage.Parameter"/>
  <testcase name="g" time="0.003" classname="NewTestNGpackage.Parameter"/>
  <testcase name="b" time="0.014" classname="NewTestNGpackage.Parameter"/>
</testsuite> <!-- NewTestNGpackage.Parameter -->
