<?xml version="1.0" encoding="UTF-8"?>
<!-- Generated by org.testng.reporters.JUnitReportReporter -->
<testsuite skipped="0" hostname="HDC2-D-BJSH882" name="NewTestNGpackage.internalexcelcreation" tests="1" failures="0" timestamp="23 Oct 2019 09:17:50 GMT" time="0.670" errors="0">
  <testcase name="f" time="0.670" classname="NewTestNGpackage.internalexcelcreation"/>
</testsuite> <!-- NewTestNGpackage.internalexcelcreation -->
