<?xml version="1.0" encoding="UTF-8"?>
<!-- Generated by org.testng.reporters.JUnitReportReporter -->
<testsuite skipped="0" hostname="HDC2-D-BJSH882" name="NewTestNGpackage.Excelsheetimport" tests="1" failures="0" timestamp="23 Oct 2019 06:32:46 GMT" time="0.912" errors="0">
  <testcase name="f" time="0.912" classname="NewTestNGpackage.Excelsheetimport"/>
</testsuite> <!-- NewTestNGpackage.Excelsheetimport -->
