<?xml version="1.0" encoding="UTF-8"?>
<!-- Generated by org.testng.reporters.JUnitReportReporter -->
<testsuite skipped="0" hostname="HDC2-D-BJSH882" name="NewTestNGpackage.NewTestobject" tests="2" failures="0" timestamp="21 Oct 2019 04:31:57 GMT" time="26.523" errors="0">
  <testcase name="f" time="12.889" classname="NewTestNGpackage.NewTestobject"/>
  <testcase name="f" time="13.634" classname="NewTestNGpackage.NewTestobject"/>
</testsuite> <!-- NewTestNGpackage.NewTestobject -->
