<?xml version="1.0" encoding="UTF-8"?>
<!-- Generated by org.testng.reporters.JUnitReportReporter -->
<testsuite skipped="0" hostname="HDC2-D-BJSH882" name="NewTestNGpackage.demowebshopexcelsheetimport" tests="1" failures="0" timestamp="23 Oct 2019 10:34:53 GMT" time="37.362" errors="0">
  <testcase name="f" time="37.362" classname="NewTestNGpackage.demowebshopexcelsheetimport"/>
</testsuite> <!-- NewTestNGpackage.demowebshopexcelsheetimport -->
