<?xml version="1.0" encoding="UTF-8"?>
<!-- Generated by org.testng.reporters.JUnitReportReporter -->
<testsuite skipped="3" hostname="HDC2-D-BJSH882" name="NewTestNGpackage.Webshopkeyboardmovement" tests="4" failures="0" timestamp="22 Oct 2019 06:25:27 GMT" time="17.777" errors="0">
  <testcase name="dragdrop" time="17.777" classname="NewTestNGpackage.Webshopkeyboardmovement"/>
  <testcase name="displayed" classname="NewTestNGpackage.Webshopkeyboardmovement">
    <skipped/>
  </testcase> <!-- displayed -->
  <testcase name="keywordmovement" classname="NewTestNGpackage.Webshopkeyboardmovement">
    <skipped/>
  </testcase> <!-- keywordmovement -->
  <testcase name="hovering" classname="NewTestNGpackage.Webshopkeyboardmovement">
    <skipped/>
  </testcase> <!-- hovering -->
</testsuite> <!-- NewTestNGpackage.Webshopkeyboardmovement -->
