<?xml version="1.0" encoding="UTF-8"?>
<!-- Generated by org.testng.reporters.JUnitReportReporter -->
<testsuite skipped="0" hostname="HDC2-D-BJSH882" name="NewTestNGpackage.welcomemercury1" tests="1" failures="0" timestamp="21 Oct 2019 04:49:13 GMT" time="15.874" errors="0">
  <testcase name="f" time="15.874" classname="NewTestNGpackage.welcomemercury1"/>
</testsuite> <!-- NewTestNGpackage.welcomemercury1 -->
