<?xml version="1.0" encoding="UTF-8"?>
<!-- Generated by org.testng.reporters.JUnitReportReporter -->
<testsuite skipped="0" hostname="HDC2-D-BJSH882" name="NewTestNGpackage.Webshop" tests="1" failures="0" timestamp="22 Oct 2019 04:47:12 GMT" time="17.474" errors="0">
  <testcase name="f" time="17.474" classname="NewTestNGpackage.Webshop"/>
</testsuite> <!-- NewTestNGpackage.Webshop -->
