<?xml version="1.0" encoding="UTF-8"?>
<!-- Generated by org.testng.reporters.JUnitReportReporter -->
<testsuite skipped="1" hostname="HDC2-D-BJSH882" name="NewTestNGpackage.NewTestxmlcheck1" tests="3" failures="0" timestamp="21 Oct 2019 05:59:23 GMT" time="0.011" errors="0">
  <testcase name="g" time="0.003" classname="NewTestNGpackage.NewTestxmlcheck1"/>
  <testcase name="g" time="0.008" classname="NewTestNGpackage.NewTestxmlcheck1"/>
  <testcase name="f" classname="NewTestNGpackage.NewTestxmlcheck1">
    <skipped/>
  </testcase> <!-- f -->
</testsuite> <!-- NewTestNGpackage.NewTestxmlcheck1 -->
