<?xml version="1.0" encoding="UTF-8"?>
<!-- Generated by org.testng.reporters.JUnitReportReporter -->
<testsuite skipped="0" hostname="HDC2-D-BJSH882" name="NewTestNGpackage.FacebooksignupTest" tests="1" failures="0" timestamp="18 Oct 2019 11:47:49 GMT" time="18.480" errors="0">
  <testcase name="f" time="18.480" classname="NewTestNGpackage.FacebooksignupTest"/>
</testsuite> <!-- NewTestNGpackage.FacebooksignupTest -->
