<?xml version="1.0" encoding="UTF-8"?>
<!-- Generated by org.testng.reporters.JUnitReportReporter -->
<testsuite skipped="1" hostname="HDC2-D-BJSH882" name="NewTestNGpackage.Annotationcheckmethods" tests="3" failures="0" timestamp="21 Oct 2019 06:04:01 GMT" time="0.016" errors="0">
  <testcase name="g" time="0.006" classname="NewTestNGpackage.Annotationcheckmethods"/>
  <testcase name="g" time="0.010" classname="NewTestNGpackage.Annotationcheckmethods"/>
  <testcase name="f" classname="NewTestNGpackage.Annotationcheckmethods">
    <skipped/>
  </testcase> <!-- f -->
</testsuite> <!-- NewTestNGpackage.Annotationcheckmethods -->
