<?xml version="1.0" encoding="UTF-8"?>
<!-- Generated by org.testng.reporters.JUnitReportReporter -->
<testsuite skipped="0" hostname="HDC2-D-BJSH882" name="NewTestNGpackage.Parentchildwindow" tests="1" failures="0" timestamp="21 Oct 2019 12:31:07 GMT" time="27.148" errors="0">
  <testcase name="f" time="27.148" classname="NewTestNGpackage.Parentchildwindow"/>
</testsuite> <!-- NewTestNGpackage.Parentchildwindow -->
